<?xml version="1.0" encoding="UTF-8"?>
<!-- Generated by org.testng.reporters.JUnitReportReporter -->
<testsuite hostname="DESKTOP-7DAQ3NU" name="parallelexecution.ByMethod" tests="2" failures="0" timestamp="3 May 2021 11:04:29 GMT" time="0.014" errors="0">
  <testcase name="testcase1" time="0.014" classname="parallelexecution.ByMethod"/>
  <testcase name="testcase2" time="0.000" classname="parallelexecution.ByMethod"/>
</testsuite> <!-- parallelexecution.ByMethod -->
