<?xml version="1.0" encoding="UTF-8"?>
<!-- Generated by org.testng.reporters.JUnitReportReporter -->
<testsuite hostname="DESKTOP-7DAQ3NU" name="parametarization.NormalParameter1" tests="2" failures="0" timestamp="7 May 2021 13:11:46 GMT" time="0.000" errors="0">
  <testcase name="testcase3" time="0.000" classname="parametarization.NormalParameter1"/>
  <testcase name="testcase4" time="0.000" classname="parametarization.NormalParameter1"/>
</testsuite> <!-- parametarization.NormalParameter1 -->
