<?xml version="1.0" encoding="UTF-8"?>
<!-- Generated by org.testng.reporters.JUnitReportReporter -->
<testsuite hostname="DESKTOP-7DAQ3NU" name="keyword.Enabled" tests="1" failures="0" timestamp="3 May 2021 11:58:31 GMT" time="0.022" errors="0">
  <testcase name="enabled" time="0.022" classname="keyword.Enabled"/>
</testsuite> <!-- keyword.Enabled -->
