<?xml version="1.0" encoding="UTF-8"?>
<!-- Generated by org.testng.reporters.JUnitReportReporter -->
<testsuite hostname="DESKTOP-7DAQ3NU" name="keyword.DependOnGroups" tests="4" failures="0" timestamp="2 Dec 2021 18:01:11 GMT" time="0.056" errors="0">
  <testcase name="sanity1" time="0.003" classname="keyword.DependOnGroups"/>
  <testcase name="sanityregra" time="0.024" classname="keyword.DependOnGroups"/>
  <testcase name="regrassion1" time="0.027" classname="keyword.DependOnGroups"/>
  <testcase name="sanity2" time="0.002" classname="keyword.DependOnGroups"/>
</testsuite> <!-- keyword.DependOnGroups -->
