<?xml version="1.0" encoding="UTF-8"?>
<!-- Generated by org.testng.reporters.JUnitReportReporter -->
<testsuite hostname="DESKTOP-7DAQ3NU" name="keyword.InvocationCount" tests="5" failures="0" timestamp="3 May 2021 12:19:42 GMT" time="0.047" errors="0">
  <testcase name="count5" time="0.000" classname="keyword.InvocationCount"/>
  <testcase name="count5" time="0.000" classname="keyword.InvocationCount"/>
  <testcase name="count5" time="0.000" classname="keyword.InvocationCount"/>
  <testcase name="count5" time="0.016" classname="keyword.InvocationCount"/>
  <testcase name="count5" time="0.031" classname="keyword.InvocationCount"/>
</testsuite> <!-- keyword.InvocationCount -->
