<?xml version="1.0" encoding="UTF-8"?>
<!-- Generated by org.testng.reporters.JUnitReportReporter -->
<testsuite hostname="DESKTOP-7DAQ3NU" name="annotation.BeforeTest1" tests="1" failures="0" timestamp="14 May 2021 18:10:13 GMT" time="0.012" errors="0">
  <testcase name="testcase1" time="0.012" classname="annotation.BeforeTest1"/>
</testsuite> <!-- annotation.BeforeTest1 -->
