<?xml version="1.0" encoding="UTF-8"?>
<!-- Generated by org.testng.reporters.JUnitReportReporter -->
<testsuite hostname="DESKTOP-7DAQ3NU" name="parametarization.NormalParametar" tests="2" failures="0" timestamp="7 May 2021 13:11:46 GMT" time="0.031" errors="0">
  <testcase name="testcase1" time="0.031" classname="parametarization.NormalParametar"/>
  <testcase name="testcase2" time="0.000" classname="parametarization.NormalParametar"/>
</testsuite> <!-- parametarization.NormalParametar -->
