<?xml version="1.0" encoding="UTF-8"?>
<!-- Generated by org.testng.reporters.JUnitReportReporter -->
<testsuite hostname="DESKTOP-7DAQ3NU" name="parallelexecution.ByClass" tests="2" failures="0" timestamp="3 May 2021 09:55:12 GMT" time="0.057" errors="0">
  <testcase name="testcase4" time="0.025" classname="parallelexecution.ByClass"/>
  <testcase name="testcase3" time="0.032" classname="parallelexecution.ByClass"/>
</testsuite> <!-- parallelexecution.ByClass -->
