<?xml version="1.0" encoding="UTF-8"?>
<!-- Generated by org.testng.reporters.JUnitReportReporter -->
<testsuite hostname="DESKTOP-7DAQ3NU" name="keyword.Priority" tests="3" failures="0" timestamp="3 May 2021 11:48:10 GMT" time="0.021" errors="0">
  <testcase name="mediumPriority" time="0.000" classname="keyword.Priority"/>
  <testcase name="highPriority" time="0.021" classname="keyword.Priority"/>
  <testcase name="lowPriority" time="0.000" classname="keyword.Priority"/>
</testsuite> <!-- keyword.Priority -->
