<?xml version="1.0" encoding="UTF-8"?>
<!-- Generated by org.testng.reporters.JUnitReportReporter -->
<testsuite hostname="DESKTOP-7DAQ3NU" name="parametarization.ClassParametarisation" tests="2" failures="0" timestamp="28 May 2021 09:21:23 GMT" time="127.859" errors="0">
  <testcase name="testcase1" time="66.362" classname="parametarization.ClassParametarisation"/>
  <testcase name="testcase1" time="61.497" classname="parametarization.ClassParametarisation"/>
</testsuite> <!-- parametarization.ClassParametarisation -->
