<?xml version="1.0" encoding="UTF-8"?>
<!-- Generated by org.testng.reporters.JUnitReportReporter -->
<testsuite hostname="DESKTOP-7DAQ3NU" name="keyword.DependsOnMethods" tests="4" failures="0" timestamp="2 Dec 2021 18:01:11 GMT" time="0.042" errors="0">
  <testcase name="sanityregra14" time="0.001" classname="keyword.DependsOnMethods"/>
  <testcase name="regrassion13" time="0.036" classname="keyword.DependsOnMethods"/>
  <testcase name="sanity11" time="0.002" classname="keyword.DependsOnMethods"/>
  <testcase name="sanity12" time="0.003" classname="keyword.DependsOnMethods"/>
</testsuite> <!-- keyword.DependsOnMethods -->
